<?xml version="1.0" encoding="UTF-8"?>
<!-- Generated by org.testng.reporters.JUnitXMLReporter -->
<testsuite ignored="1" hostname="DESKTOP-8B3DF1Q" failures="0" tests="1" name="Default test" time="7.694" errors="0" timestamp="2024-07-22T13:10:13 IST">
  <testcase classname="com.tutorialsninja.qa.testcases.AccountPageTest" name="verifyUpdateInformationWithFirstandLastName" time="0.94"/>
  <testcase classname="com.tutorialsninja.qa.testcases.AccountPageTest" name="verifyUpdateOnlyFirstName" time="0.0">
    <ignored/>
  </testcase> <!-- verifyUpdateOnlyFirstName -->
</testsuite> <!-- Default test -->
