<?xml version="1.0" encoding="UTF-8"?>
<!-- Generated by org.testng.reporters.JUnitXMLReporter -->
<testsuite ignored="4" hostname="DESKTOP-8B3DF1Q" failures="0" tests="1" name="Default test" time="7.745" errors="0" timestamp="2024-07-17T16:00:27 IST">
  <testcase classname="com.tutorialsninja.qa.testcases.LoginTest" name="verifyLoginWithInvalidCrediantial" time="0.961"/>
  <testcase classname="com.tutorialsninja.qa.testcases.LoginTest" name="verifyLoginWithInvalidEmailandValidPassword" time="0.0">
    <ignored/>
  </testcase> <!-- verifyLoginWithInvalidEmailandValidPassword -->
  <testcase classname="com.tutorialsninja.qa.testcases.LoginTest" name="verifyLoginwithValidCrediantials" time="0.0">
    <ignored/>
  </testcase> <!-- verifyLoginwithValidCrediantials -->
  <testcase classname="com.tutorialsninja.qa.testcases.LoginTest" name="verifyLoginWithoutCrediantials" time="0.0">
    <ignored/>
  </testcase> <!-- verifyLoginWithoutCrediantials -->
  <testcase classname="com.tutorialsninja.qa.testcases.LoginTest" name="verifyLoginWithValidEmailAndInvalidPassword" time="0.0">
    <ignored/>
  </testcase> <!-- verifyLoginWithValidEmailAndInvalidPassword -->
</testsuite> <!-- Default test -->
