<?xml version="1.0" encoding="UTF-8"?>
<testng-results ignored="0" total="1" passed="1" failed="0" skipped="0">
  <reporter-output>
  </reporter-output>
  <suite started-at="2024-07-22T13:10:05 IST" name="Default suite" finished-at="2024-07-22T13:10:13 IST" duration-ms="7694">
    <groups>
    </groups>
    <test started-at="2024-07-22T13:10:05 IST" name="Default test" finished-at="2024-07-22T13:10:13 IST" duration-ms="7694">
      <class name="com.tutorialsninja.qa.testcases.AccountPageTest">
        <test-method is-config="true" signature="setUp()[pri:0, instance:com.tutorialsninja.qa.testcases.AccountPageTest@1e6a3214]" started-at="2024-07-22T13:10:05 IST" name="setUp" finished-at="2024-07-22T13:10:11 IST" duration-ms="6493" status="PASS">
          <reporter-output>
          </reporter-output>
        </test-method> <!-- setUp -->
        <test-method signature="verifyUpdateInformationWithFirstandLastName()[pri:2, instance:com.tutorialsninja.qa.testcases.AccountPageTest@1e6a3214]" started-at="2024-07-22T13:10:11 IST" name="verifyUpdateInformationWithFirstandLastName" finished-at="2024-07-22T13:10:12 IST" duration-ms="940" status="PASS">
          <reporter-output>
          </reporter-output>
        </test-method> <!-- verifyUpdateInformationWithFirstandLastName -->
        <test-method is-config="true" signature="tearDown()[pri:0, instance:com.tutorialsninja.qa.testcases.AccountPageTest@1e6a3214]" started-at="2024-07-22T13:10:12 IST" name="tearDown" finished-at="2024-07-22T13:10:13 IST" duration-ms="210" status="PASS">
          <reporter-output>
          </reporter-output>
        </test-method> <!-- tearDown -->
      </class> <!-- com.tutorialsninja.qa.testcases.AccountPageTest -->
    </test> <!-- Default test -->
  </suite> <!-- Default suite -->
</testng-results>
