<?xml version="1.0" encoding="UTF-8"?>
<testng-results ignored="0" total="1" passed="1" failed="0" skipped="0">
  <reporter-output>
  </reporter-output>
  <suite started-at="2024-07-17T16:00:20 IST" name="Default suite" finished-at="2024-07-17T16:00:27 IST" duration-ms="7745">
    <groups>
    </groups>
    <test started-at="2024-07-17T16:00:20 IST" name="Default test" finished-at="2024-07-17T16:00:27 IST" duration-ms="7745">
      <class name="com.tutorialsninja.qa.testcases.LoginTest">
        <test-method is-config="true" signature="setup()[pri:0, instance:com.tutorialsninja.qa.testcases.LoginTest@76a4ebf2]" started-at="2024-07-17T16:00:20 IST" name="setup" finished-at="2024-07-17T16:00:26 IST" duration-ms="6407" status="PASS">
          <reporter-output>
          </reporter-output>
        </test-method> <!-- setup -->
        <test-method signature="verifyLoginWithInvalidCrediantial()[pri:2, instance:com.tutorialsninja.qa.testcases.LoginTest@76a4ebf2]" started-at="2024-07-17T16:00:26 IST" name="verifyLoginWithInvalidCrediantial" finished-at="2024-07-17T16:00:27 IST" duration-ms="961" status="PASS">
          <reporter-output>
          </reporter-output>
        </test-method> <!-- verifyLoginWithInvalidCrediantial -->
        <test-method is-config="true" signature="tearDoen()[pri:0, instance:com.tutorialsninja.qa.testcases.LoginTest@76a4ebf2]" started-at="2024-07-17T16:00:27 IST" name="tearDoen" finished-at="2024-07-17T16:00:27 IST" duration-ms="307" status="PASS">
          <reporter-output>
          </reporter-output>
        </test-method> <!-- tearDoen -->
      </class> <!-- com.tutorialsninja.qa.testcases.LoginTest -->
    </test> <!-- Default test -->
  </suite> <!-- Default suite -->
</testng-results>
